<?xml version="1.0" encoding="UTF-8"?>
<testng-results skipped="0" failed="1" total="2" passed="1">
  <reporter-output>
  </reporter-output>
  <suite name="Default suite" duration-ms="46016" started-at="2020-03-29T22:55:39Z" finished-at="2020-03-29T22:56:25Z">
    <groups>
    </groups>
    <test name="Default test" duration-ms="46016" started-at="2020-03-29T22:55:39Z" finished-at="2020-03-29T22:56:25Z">
      <class name="com.Facebook.testCases.LoginTest">
        <test-method status="PASS" signature="ojectRepository()" name="ojectRepository" is-config="true" duration-ms="646" started-at="2020-03-29T22:55:38Z" finished-at="2020-03-29T22:55:39Z">
        </test-method>
        <test-method status="PASS" signature="setUpBrowser()" name="setUpBrowser" is-config="true" duration-ms="6915" started-at="2020-03-29T22:55:39Z" finished-at="2020-03-29T22:55:46Z">
        </test-method>
        <test-method status="FAIL" signature="facebookLoginTest(java.lang.String, java.lang.String)" name="facebookLoginTest" duration-ms="22427" started-at="2020-03-29T22:55:46Z" finished-at="2020-03-29T22:56:08Z">
          <params>
            <param index="0">
              <value>
                <![CDATA[qwre]]>
              </value>
            </param>
            <param index="1">
              <value>
                <![CDATA[aadfa@123]]>
              </value>
            </param>
          </params>
          <exception class="java.lang.AssertionError">
            <message>
              <![CDATA[expected:<Facebook> but was:<Log in to Facebook | Facebook>]]>
            </message>
            <full-stacktrace>
              <![CDATA[java.lang.AssertionError: expected:<Facebook> but was:<Log in to Facebook | Facebook>
	at org.testng.Assert.fail(Assert.java:89)
	at org.testng.Assert.failNotEquals(Assert.java:489)
	at org.testng.Assert.assertEquals(Assert.java:118)
	at org.testng.Assert.assertEquals(Assert.java:171)
	at org.testng.Assert.assertEquals(Assert.java:181)
	at com.Facebook.Pages.LoginPage.LoginFaceBook(LoginPage.java:67)
	at com.Facebook.testCases.LoginTest.facebookLoginTest(LoginTest.java:16)
	at sun.reflect.NativeMethodAccessorImpl.invoke0(Native Method)
	at sun.reflect.NativeMethodAccessorImpl.invoke(NativeMethodAccessorImpl.java:62)
	at sun.reflect.DelegatingMethodAccessorImpl.invoke(DelegatingMethodAccessorImpl.java:43)
	at java.lang.reflect.Method.invoke(Method.java:498)
	at org.testng.internal.MethodInvocationHelper.invokeMethod(MethodInvocationHelper.java:80)
	at org.testng.internal.Invoker.invokeMethod(Invoker.java:673)
	at org.testng.internal.Invoker.invokeTestMethod(Invoker.java:842)
	at org.testng.internal.Invoker.invokeTestMethods(Invoker.java:1166)
	at org.testng.internal.TestMethodWorker.invokeTestMethods(TestMethodWorker.java:125)
	at org.testng.internal.TestMethodWorker.run(TestMethodWorker.java:109)
	at org.testng.TestRunner.runWorkers(TestRunner.java:1178)
	at org.testng.TestRunner.privateRun(TestRunner.java:757)
	at org.testng.TestRunner.run(TestRunner.java:608)
	at org.testng.SuiteRunner.runTest(SuiteRunner.java:334)
	at org.testng.SuiteRunner.runSequentially(SuiteRunner.java:329)
	at org.testng.SuiteRunner.privateRun(SuiteRunner.java:291)
	at org.testng.SuiteRunner.run(SuiteRunner.java:240)
	at org.testng.SuiteRunnerWorker.runSuite(SuiteRunnerWorker.java:52)
	at org.testng.SuiteRunnerWorker.run(SuiteRunnerWorker.java:86)
	at org.testng.TestNG.runSuitesSequentially(TestNG.java:1158)
	at org.testng.TestNG.runSuitesLocally(TestNG.java:1083)
	at org.testng.TestNG.run(TestNG.java:999)
	at org.testng.remote.AbstractRemoteTestNG.run(AbstractRemoteTestNG.java:132)
	at org.testng.remote.RemoteTestNG.initAndRun(RemoteTestNG.java:236)
	at org.testng.remote.RemoteTestNG.main(RemoteTestNG.java:81)
]]>
            </full-stacktrace>
          </exception>
        </test-method>
        <test-method status="PASS" signature="tearDownMethod(org.testng.ITestResult)" name="tearDownMethod" is-config="true" duration-ms="409" started-at="2020-03-29T22:56:08Z" finished-at="2020-03-29T22:56:08Z">
          <params>
            <param index="0">
              <value>
                <![CDATA[[TestResult: facebookLoginTest STATUS:FAILURE METHOD:com.Facebook.testCases.LoginTest.facebookLoginTest(java.lang.String, java.lang.String)]
]]>
              </value>
            </param>
          </params>
        </test-method>
        <test-method status="PASS" signature="facebookLoginTest(java.lang.String, java.lang.String)" name="facebookLoginTest" duration-ms="16247" started-at="2020-03-29T22:56:08Z" finished-at="2020-03-29T22:56:25Z">
          <params>
            <param index="0">
              <value>
                <![CDATA[vishalrathi910@gmail.com]]>
              </value>
            </param>
            <param index="1">
              <value>
                <![CDATA[vishalisgood@725769725769]]>
              </value>
            </param>
          </params>
        </test-method>
        <test-method status="PASS" signature="tearDownMethod(org.testng.ITestResult)" name="tearDownMethod" is-config="true" duration-ms="0" started-at="2020-03-29T22:56:25Z" finished-at="2020-03-29T22:56:25Z">
          <params>
            <param index="0">
              <value>
                <![CDATA[[TestResult: facebookLoginTest STATUS:SUCCESS METHOD:com.Facebook.testCases.LoginTest.facebookLoginTest(java.lang.String, java.lang.String)]
]]>
              </value>
            </param>
          </params>
        </test-method>
      </class>
    </test>
  </suite>
</testng-results>
